<?xml version="1.0" encoding="UTF-8"?>
<testsuite name="CDTest" tests="3" skipped="0" failures="0" errors="0" timestamp="2016-04-27T17:37:11" hostname="epicodus-30.local" time="0.001">
  <properties/>
  <testcase name="CD_getListOfCDs_true" classname="CDTest" time="0.001"/>
  <testcase name="CD_CDInstantiatesCorrectly_true" classname="CDTest" time="0.0"/>
  <testcase name="CD_getTitle_String" classname="CDTest" time="0.0"/>
  <system-out><![CDATA[]]></system-out>
  <system-err><![CDATA[]]></system-err>
</testsuite>
